Change Component Designator: Old Designator=C5 New Designator=C10
Change Component Designator: Old Designator=C8 New Designator=C11
Change Component Designator: Old Designator=C9 New Designator=C12
Change Component Designator: Old Designator=C10 New Designator=C6
Change Component Designator: Old Designator=C11 New Designator=C7
Change Component Designator: Old Designator=C12 New Designator=C8
Change Component Designator: Old Designator=C13 New Designator=C9
Change Component Designator: Old Designator=C14 New Designator=C4
Change Component Designator: Old Designator=C32 New Designator=C1
Change Component Designator: Old Designator=C33 New Designator=C2
Change Component Designator: Old Designator=C34 New Designator=C3
Change Component Designator: Old Designator=C35 New Designator=C5
Change Component Designator: Old Designator=D4 New Designator=D1
Change Component Designator: Old Designator=P5 New Designator=P2
Change Component Designator: Old Designator=P6 New Designator=P4
Change Component Designator: Old Designator=P7 New Designator=P3
Change Component Designator: Old Designator=Q3 New Designator=Q1
Change Component Designator: Old Designator=R5 New Designator=R6
Change Component Designator: Old Designator=R6 New Designator=R8
Change Component Designator: Old Designator=R9 New Designator=R10
Change Component Designator: Old Designator=R10 New Designator=R4
Change Component Designator: Old Designator=R11 New Designator=R3
Change Component Designator: Old Designator=R12 New Designator=R2
Change Component Designator: Old Designator=R13 New Designator=R1
Change Component Designator: Old Designator=R14 New Designator=R9
Change Component Designator: Old Designator=R15 New Designator=R12
Change Component Designator: Old Designator=R16 New Designator=R11
Change Component Designator: Old Designator=R17 New Designator=R13
Change Component Designator: Old Designator=R18 New Designator=R5
Change Component Designator: Old Designator=R19 New Designator=R7
Change Component Designator: Old Designator=YA2 New Designator=YA1
