Removed Pin From Net: NetName=VCC_3V Pin=C5-1
Removed Pin From Net: NetName=GND Pin=C5-2
Removed Pin From Net: NetName=GND Pin=C6-1
Removed Pin From Net: NetName=VCC_3V Pin=C6-2
Removed Pin From Net: NetName=GND Pin=C7-1
Removed Pin From Net: NetName=VCC_3V Pin=C7-2
Removed Pin From Net: NetName=GND Pin=C19-1
Removed Pin From Net: NetName=NetC19_2 Pin=C19-2
Removed Pin From Net: NetName=GND Pin=C20-1
Removed Pin From Net: NetName=NetC20_2 Pin=C20-2
Removed Pin From Net: NetName=GND Pin=C21-1
Removed Pin From Net: NetName=NetC21_2 Pin=C21-2
Removed Pin From Net: NetName=VCC_3V Pin=C22-1
Removed Pin From Net: NetName=GND Pin=C22-2
Removed Pin From Net: NetName=GND Pin=C23-1
Removed Pin From Net: NetName=VCC_3V Pin=C23-2
Removed Pin From Net: NetName=VCC_3V Pin=C24-1
Removed Pin From Net: NetName=GND Pin=C24-2
Removed Pin From Net: NetName=GND Pin=C25-1
Removed Pin From Net: NetName=VCC_3V Pin=C25-2
Removed Pin From Net: NetName=NetC26_1 Pin=C26-1
Removed Pin From Net: NetName=GND Pin=C26-2
Removed Pin From Net: NetName=NetC27_1 Pin=C27-1
Removed Pin From Net: NetName=NetC27_2 Pin=C27-2
Removed Pin From Net: NetName=NetC28_1 Pin=C28-1
Removed Pin From Net: NetName=NetC28_2 Pin=C28-2
Removed Pin From Net: NetName=GND Pin=C29-1
Removed Pin From Net: NetName=NetC29_2 Pin=C29-2
Removed Pin From Net: NetName=GND Pin=C30-1
Removed Pin From Net: NetName=NetC28_1 Pin=C30-2
Removed Pin From Net: NetName=GND Pin=C31-1
Removed Pin From Net: NetName=NetC31_2 Pin=C31-2
Removed Pin From Net: NetName=NetC28_2 Pin=J1-1
Removed Pin From Net: NetName=GND Pin=J1-2
Removed Pin From Net: NetName=GND Pin=J1-3
Removed Pin From Net: NetName=GND Pin=J1-4
Removed Pin From Net: NetName=GND Pin=J1-5
Removed Pin From Net: NetName=NetC27_1 Pin=L2-1
Removed Pin From Net: NetName=NetC26_1 Pin=L2-2
Removed Pin From Net: NetName=NetC27_2 Pin=L3-1
Removed Pin From Net: NetName=NetC29_2 Pin=L3-2
Removed Pin From Net: NetName=NetC29_2 Pin=L4-1
Removed Pin From Net: NetName=NetC28_1 Pin=L4-2
Removed Pin From Net: NetName=NetC31_2 Pin=L5-1
Removed Pin From Net: NetName=NetC27_2 Pin=L5-2
Removed Pin From Net: NetName=GND Pin=P1-1
Removed Pin From Net: NetName=GND Pin=P1-2
Removed Pin From Net: NetName=NetP1_6 Pin=P1-6
Removed Pin From Net: NetName=VCC_5V Pin=P1-7
Removed Pin From Net: NetName=VCC_5V Pin=P1-8
Removed Pin From Net: NetName=BAT+ Pin=P4-1
Removed Pin From Net: NetName=GND Pin=P4-2
Removed Pin From Net: NetName=LPUART1_RX Pin=R10-1
Removed Pin From Net: NetName=NetP1_4 Pin=R10-2
Removed Pin From Net: NetName=NetP1_3 Pin=R11-2
Removed Pin From Net: NetName=LPUART1_TX Pin=R12-1
Removed Pin From Net: NetName=NetP1_6 Pin=R12-2
Removed Pin From Net: NetName=NetP1_5 Pin=R13-1
Removed Pin From Net: NetName=GND Pin=R18-1
Removed Pin From Net: NetName=NetR18_2 Pin=R18-2
Removed Pin From Net: NetName=LED_GREEN Pin=U1-40
Removed Pin From Net: NetName=SPI1_SCLK Pin=U5-1
Removed Pin From Net: NetName=SPI1_MISO Pin=U5-2
Removed Pin From Net: NetName=GDO2 Pin=U5-3
Removed Pin From Net: NetName=VCC_3V Pin=U5-4
Removed Pin From Net: NetName=NetC21_2 Pin=U5-5
Removed Pin From Net: NetName=GDO0 Pin=U5-6
Removed Pin From Net: NetName=SPI1_CS Pin=U5-7
Removed Pin From Net: NetName=NetC19_2 Pin=U5-8
Removed Pin From Net: NetName=VCC_3V Pin=U5-9
Removed Pin From Net: NetName=NetC20_2 Pin=U5-10
Removed Pin From Net: NetName=VCC_3V Pin=U5-11
Removed Pin From Net: NetName=NetC27_1 Pin=U5-12
Removed Pin From Net: NetName=NetC31_2 Pin=U5-13
Removed Pin From Net: NetName=VCC_3V Pin=U5-14
Removed Pin From Net: NetName=VCC_3V Pin=U5-15
Removed Pin From Net: NetName=GND Pin=U5-16
Removed Pin From Net: NetName=NetR18_2 Pin=U5-17
Removed Pin From Net: NetName=VCC_3V Pin=U5-18
Removed Pin From Net: NetName=GND Pin=U5-19
Removed Pin From Net: NetName=SPI1_MOSI Pin=U5-20
Removed Pin From Net: NetName=GND Pin=U5-21
Removed Pin From Net: NetName=NetC19_2 Pin=YA1-1
Removed Pin From Net: NetName=NetC20_2 Pin=YA1-3
Removed Member From Class: ClassName=MEMS&RF Member=C5
Removed Member From Class: ClassName=MEMS&RF Member=C6
Removed Member From Class: ClassName=MEMS&RF Member=C7
Removed Member From Class: ClassName=MCU Member=C13
Removed Member From Class: ClassName=MEMS&RF Member=C19
Removed Member From Class: ClassName=MEMS&RF Member=C20
Removed Member From Class: ClassName=MEMS&RF Member=C21
Removed Member From Class: ClassName=MEMS&RF Member=C22
Removed Member From Class: ClassName=MEMS&RF Member=C23
Removed Member From Class: ClassName=MEMS&RF Member=C24
Removed Member From Class: ClassName=MEMS&RF Member=C25
Removed Member From Class: ClassName=MEMS&RF Member=C26
Removed Member From Class: ClassName=MEMS&RF Member=C27
Removed Member From Class: ClassName=MEMS&RF Member=C28
Removed Member From Class: ClassName=MEMS&RF Member=C29
Removed Member From Class: ClassName=MEMS&RF Member=C30
Removed Member From Class: ClassName=MEMS&RF Member=C31
Removed Member From Class: ClassName=MEMS&RF Member=L2
Removed Member From Class: ClassName=MEMS&RF Member=L3
Removed Member From Class: ClassName=MEMS&RF Member=L4
Removed Member From Class: ClassName=MEMS&RF Member=L5
Removed Member From Class: ClassName=Power Member=P4
Removed Member From Class: ClassName=MEMS&RF Member=R18
Removed Member From Class: ClassName=MEMS&RF Member=U5
Removed Member From Class: ClassName=MEMS&RF Member=YA1
Change Component Footprint: Designator=P4 Old Footprint=A1251WV-XP-2P New Footprint=A1251WV-2P
Change Component Footprint: Designator=J1 Old Footprint=CON-SMA-RA New Footprint=CA-S01
Change Component Footprint: Designator=P1 Old Footprint=HDR2X4-15446808 New Footprint=A2541WV-6P
Change Component Comment : Designator=J2 Old Comment=0¦¸ New Comment=NC
Change Component Comment : Designator=P1 Old Comment=15446808 New Comment=A2541WV-6P
Change Component Comment : Designator=P4 Old Comment=A1251WV-XP-2P New Comment=A1251WV-2P
Change Component Comment : Designator=J1 Old Comment=CONSMA002 New Comment=CA-S01
Change Component Designator: OldDesignator=C1 NewDesignator=C18
Change Component Designator: OldDesignator=C2 NewDesignator=C17
Change Component Designator: OldDesignator=C3 NewDesignator=C20
Change Component Designator: OldDesignator=C4 NewDesignator=C19
Change Component Designator: OldDesignator=C8 NewDesignator=C11
Change Component Designator: OldDesignator=C9 NewDesignator=C12
Change Component Designator: OldDesignator=C10 NewDesignator=C6
Change Component Designator: OldDesignator=C11 NewDesignator=C7
Change Component Designator: OldDesignator=C12 NewDesignator=C8
Change Component Designator: OldDesignator=C13 NewDesignator=C9
Change Component Designator: OldDesignator=C14 NewDesignator=C4
Change Component Designator: OldDesignator=C15 NewDesignator=C13
Change Component Designator: OldDesignator=C16 NewDesignator=C14
Change Component Designator: OldDesignator=C17 NewDesignator=C15
Change Component Designator: OldDesignator=C18 NewDesignator=C16
Change Component Designator: OldDesignator=C32 NewDesignator=C1
Change Component Designator: OldDesignator=C33 NewDesignator=C2
Change Component Designator: OldDesignator=C34 NewDesignator=C3
Change Component Designator: OldDesignator=C35 NewDesignator=C5
Change Component Designator: OldDesignator=D1 NewDesignator=D2
Change Component Designator: OldDesignator=D2 NewDesignator=D3
Change Component Designator: OldDesignator=D3 NewDesignator=D4
Change Component Designator: OldDesignator=D4 NewDesignator=D1
Change Component Designator: OldDesignator=P2 NewDesignator=P5
Change Component Designator: OldDesignator=P3 NewDesignator=P6
Change Component Designator: OldDesignator=Q1 NewDesignator=Q3
Change Component Designator: OldDesignator=R1 NewDesignator=R16
Change Component Designator: OldDesignator=R2 NewDesignator=R17
Change Component Designator: OldDesignator=R3 NewDesignator=R18
Change Component Designator: OldDesignator=R4 NewDesignator=R19
Change Component Designator: OldDesignator=R5 NewDesignator=R6
Change Component Designator: OldDesignator=R6 NewDesignator=R8
Change Component Designator: OldDesignator=R10 NewDesignator=R4
Change Component Designator: OldDesignator=R11 NewDesignator=R1
Change Component Designator: OldDesignator=R12 NewDesignator=R3
Change Component Designator: OldDesignator=R13 NewDesignator=R2
Change Component Designator: OldDesignator=R14 NewDesignator=R9
Change Component Designator: OldDesignator=R16 NewDesignator=R11
Change Component Designator: OldDesignator=U2 NewDesignator=U4
Change Component Designator: OldDesignator=U3 NewDesignator=U5
Change Component Designator: OldDesignator=U4 NewDesignator=U2
Change Component Designator: OldDesignator=YA2 NewDesignator=YA1
Change component parameters: Designator = "P1" ("P1"); Footprint = "HDR2X4-15446808"; UniqueID = "\OARCVPQZ" ("\OARCVPQZ")
Change component parameters (AddParameter): Name = "LatestRevisionDate"; Value = "17-Jul-2002"; VariantName = "[No Variations]"
Change component parameters (AddParameter): Name = "LatestRevisionNote"; Value = "Re-released for DXP Platform."; VariantName = "[No Variations]"
Change component parameters (AddParameter): Name = "Publisher"; Value = "Altium Limited"; VariantName = "[No Variations]"
Change component parameters: Designator = "J2" ("J2"); Footprint = "1608[0603] - JUMPER"; UniqueID = "\NKKSPNGJ" ("\NKKSPNGJ")
Change component parameters (AddParameter): Name = "PackageDescription"; Value = "Chip Resistor, 2-Leads, Body 1.60x0.80mm, IPC Medium Density"; VariantName = "[No Variations]"
Change component parameters (AddParameter): Name = "PackageReference"; Value = "0603"; VariantName = "[No Variations]"
Change component parameters (AddParameter): Name = "Value"; Value = "NC"; VariantName = "[No Variations]"
Change component parameters: Designator = "J1" ("J1"); Footprint = "CON-SMA-RA"; UniqueID = "\GVCWRIOB" ("\GVCWRIOB")
Change component parameters (AddParameter): Name = "LatestRevisionDate"; Value = "17-Jul-2002"; VariantName = "[No Variations]"
Change component parameters (AddParameter): Name = "LatestRevisionNote"; Value = "Re-released for DXP Platform."; VariantName = "[No Variations]"
Change component parameters (AddParameter): Name = "Publisher"; Value = "Altium Limited"; VariantName = "[No Variations]"
Added Component: Designator=C10(0402)
Add component (AddParameter): Name = "LatestRevisionDate"; Value = "29-May-2009"; VariantName = "[No Variations]"
Add component (AddParameter): Name = "LatestRevisionNote"; Value = "IPC-7351 Footprint Added."; VariantName = "[No Variations]"
Add component (AddParameter): Name = "PackageDescription"; Value = "Chip Capacitor"; VariantName = "[No Variations]"
Add component (AddParameter): Name = "PackageReference"; Value = "C0402"; VariantName = "[No Variations]"
Add component (AddParameter): Name = "Published"; Value = "8-Jun-2000"; VariantName = "[No Variations]"
Add component (AddParameter): Name = "Publisher"; Value = "Altium Limited"; VariantName = "[No Variations]"
Add component (AddParameter): Name = "Value"; Value = "100nF"; VariantName = "[No Variations]"
Added Component: Designator=L1(0402)
Add component (AddParameter): Name = "LatestRevisionDate"; Value = "29-May-2009"; VariantName = "[No Variations]"
Add component (AddParameter): Name = "LatestRevisionNote"; Value = "IPC-7351 Footprint Added."; VariantName = "[No Variations]"
Add component (AddParameter): Name = "PackageDescription"; Value = "Inductor"; VariantName = "[No Variations]"
Add component (AddParameter): Name = "PackageReference"; Value = "0402"; VariantName = "[No Variations]"
Add component (AddParameter): Name = "Published"; Value = "8-Jun-2000"; VariantName = "[No Variations]"
Add component (AddParameter): Name = "Publisher"; Value = "Altium Limited"; VariantName = "[No Variations]"
Add component (AddParameter): Name = "Value"; Value = "100nH"; VariantName = "[No Variations]"
Added Component: Designator=P2(A1251WV-6P-SWD)
Add component (AddParameter): Name = "LatestRevisionDate"; Value = "17-Jul-2002"; VariantName = "[No Variations]"
Add component (AddParameter): Name = "LatestRevisionNote"; Value = "Re-released for DXP Platform."; VariantName = "[No Variations]"
Add component (AddParameter): Name = "Publisher"; Value = "Altium Limited"; VariantName = "[No Variations]"
Added Component: Designator=P3(A2541WV-12P)
Add component (AddParameter): Name = "LatestRevisionDate"; Value = "17-Jul-2002"; VariantName = "[No Variations]"
Add component (AddParameter): Name = "LatestRevisionNote"; Value = "Re-released for DXP Platform."; VariantName = "[No Variations]"
Add component (AddParameter): Name = "Publisher"; Value = "Altium Limited"; VariantName = "[No Variations]"
Added Component: Designator=P7(A1251WV-2P)
Add component (AddParameter): Name = "LatestRevisionDate"; Value = "17-Jul-2002"; VariantName = "[No Variations]"
Add component (AddParameter): Name = "LatestRevisionNote"; Value = "Re-released for DXP Platform."; VariantName = "[No Variations]"
Add component (AddParameter): Name = "Publisher"; Value = "Altium Limited"; VariantName = "[No Variations]"
Added Component: Designator=Q1(SOT-23B_N)
Add component (AddParameter): Name = "Code_JEDEC"; Value = "TO-226-AA"; VariantName = "[No Variations]"
Add component (AddParameter): Name = "LatestRevisionDate"; Value = "17-Jul-2002"; VariantName = "[No Variations]"
Add component (AddParameter): Name = "LatestRevisionNote"; Value = "Re-released for DXP Platform."; VariantName = "[No Variations]"
Add component (AddParameter): Name = "PackageDescription"; Value = "TO, Flat Index; 3 In-Line, Axial Leads; Body Dia. 4.8mm; Leads 0.55 x 0.51 mm (max)"; VariantName = "[No Variations]"
Add component (AddParameter): Name = "PackageReference"; Value = "TO-226-AA"; VariantName = "[No Variations]"
Add component (AddParameter): Name = "Published"; Value = "8-Jun-2000"; VariantName = "[No Variations]"
Add component (AddParameter): Name = "Publisher"; Value = "Altium Limited"; VariantName = "[No Variations]"
Added Component: Designator=R5(RESC1005X04N)
Add component (AddParameter): Name = "PackageDescription"; Value = "Chip Resistor, 2-Leads, Body 1.00x0.50mm, IPC Medium Density"; VariantName = "[No Variations]"
Add component (AddParameter): Name = "PackageReference"; Value = "0402"; VariantName = "[No Variations]"
Add component (AddParameter): Name = "Value"; Value = "1k"; VariantName = "[No Variations]"
Added Component: Designator=R7(RESC1005X04N)
Add component (AddParameter): Name = "PackageDescription"; Value = "Chip Resistor, 2-Leads, Body 1.00x0.50mm, IPC Medium Density"; VariantName = "[No Variations]"
Add component (AddParameter): Name = "PackageReference"; Value = "0402"; VariantName = "[No Variations]"
Add component (AddParameter): Name = "Value"; Value = "1k"; VariantName = "[No Variations]"
Added Component: Designator=R10(RESC1005X04N)
Add component (AddParameter): Name = "PackageDescription"; Value = "Chip Resistor, 2-Leads, Body 1.00x0.50mm, IPC Medium Density"; VariantName = "[No Variations]"
Add component (AddParameter): Name = "PackageReference"; Value = "0402"; VariantName = "[No Variations]"
Add component (AddParameter): Name = "Value"; Value = "100k"; VariantName = "[No Variations]"
Added Component: Designator=R12(RESC1005X04N)
Add component (AddParameter): Name = "PackageDescription"; Value = "Chip Resistor, 2-Leads, Body 1.00x0.50mm, IPC Medium Density"; VariantName = "[No Variations]"
Add component (AddParameter): Name = "PackageReference"; Value = "0402"; VariantName = "[No Variations]"
Add component (AddParameter): Name = "Value"; Value = "0¦¸"; VariantName = "[No Variations]"
Added Component: Designator=R13(RESC1005X04N)
Add component (AddParameter): Name = "PackageDescription"; Value = "Chip Resistor, 2-Leads, Body 1.00x0.50mm, IPC Medium Density"; VariantName = "[No Variations]"
Add component (AddParameter): Name = "PackageReference"; Value = "0402"; VariantName = "[No Variations]"
Add component (AddParameter): Name = "Value"; Value = "100k"; VariantName = "[No Variations]"
Added Component: Designator=R14(RESC1005X04N)
Add component (AddParameter): Name = "PackageDescription"; Value = "Chip Resistor, 2-Leads, Body 1.00x0.50mm, IPC Medium Density"; VariantName = "[No Variations]"
Add component (AddParameter): Name = "PackageReference"; Value = "0402"; VariantName = "[No Variations]"
Add component (AddParameter): Name = "Value"; Value = "0¦¸"; VariantName = "[No Variations]"
Added Component: Designator=R15(RESC1005X04N)
Add component (AddParameter): Name = "PackageDescription"; Value = "Chip Resistor, 2-Leads, Body 1.00x0.50mm, IPC Medium Density"; VariantName = "[No Variations]"
Add component (AddParameter): Name = "PackageReference"; Value = "0402"; VariantName = "[No Variations]"
Add component (AddParameter): Name = "Value"; Value = "NC"; VariantName = "[No Variations]"
Added Component: Designator=U3(PE07-433M20S)
Add component (AddParameter): Name = "frequency(MHz)"; Value = "433"; VariantName = "[No Variations]"
Add component (AddParameter): Name = "Iout(max)(mA)"; Value = "100"; VariantName = "[No Variations]"
Add component (AddParameter): Name = "Isupply(uA)"; Value = "2"; VariantName = "[No Variations]"
Add component (AddParameter): Name = "Vin(V)"; Value = "2.1-3.6"; VariantName = "[No Variations]"
Added Pin To Net: NetName=GND Pin=C10-1
Added Pin To Net: NetName=VCC_5V Pin=P1-1
Added Pin To Net: NetName=GND Pin=P1-6
Added Pin To Net: NetName=GND Pin=P2-1
Added Pin To Net: NetName=SWDIO Pin=P2-2
Added Pin To Net: NetName=SWCLK Pin=P2-3
Added Pin To Net: NetName=NetC14_1 Pin=P2-5
Added Pin To Net: NetName=VCC_3V Pin=P2-6
Added Pin To Net: NetName=VCC_5V Pin=P3-1
Added Pin To Net: NetName=NetC31_2 Pin=P3-2
Added Pin To Net: NetName=NetC29_2 Pin=P3-3
Added Pin To Net: NetName=NetC28_2 Pin=P3-4
Added Pin To Net: NetName=NetC28_1 Pin=P3-5
Added Pin To Net: NetName=NetC27_2 Pin=P3-6
Added Pin To Net: NetName=NetC21_2 Pin=P3-7
Added Pin To Net: NetName=NetC27_1 Pin=P3-10
Added Pin To Net: NetName=NetC26_1 Pin=P3-11
Added Pin To Net: NetName=GND Pin=P3-12
Added Pin To Net: NetName=BAT+ Pin=P7-1
Added Pin To Net: NetName=GND Pin=P7-2
Added Pin To Net: NetName=NetR18_2 Pin=Q1-B
Added Pin To Net: NetName=GND Pin=Q1-E
Added Pin To Net: NetName=NetP1_3 Pin=R2-1
Added Pin To Net: NetName=LPUART1_RX Pin=R3-1
Added Pin To Net: NetName=NetP1_4 Pin=R3-2
Added Pin To Net: NetName=LPUART1_TX Pin=R4-1
Added Pin To Net: NetName=NetP1_5 Pin=R4-2
Added Pin To Net: NetName=VCC_3V Pin=R5-2
Added Pin To Net: NetName=NetR18_2 Pin=R7-2
Added Pin To Net: NetName=BAT+ Pin=R10-2
Added Pin To Net: NetName=GND Pin=R13-1
Added Pin To Net: NetName=NetP1_6 Pin=R14-1
Added Pin To Net: NetName=GND Pin=R15-1
Added Pin To Net: NetName=NetC21_2 Pin=U1-2
Added Pin To Net: NetName=NetC31_2 Pin=U1-10
Added Pin To Net: NetName=NetC29_2 Pin=U1-29
Added Pin To Net: NetName=NetC28_2 Pin=U1-32
Added Pin To Net: NetName=NetC28_1 Pin=U1-33
Added Pin To Net: NetName=NetC27_2 Pin=U1-38
Added Pin To Net: NetName=LED_GREEN Pin=U1-39
Added Pin To Net: NetName=NetC19_2 Pin=U1-40
Added Pin To Net: NetName=NetC20_2 Pin=U1-41
Added Pin To Net: NetName=NetC27_1 Pin=U1-45
Added Pin To Net: NetName=NetC26_1 Pin=U1-46
Added Pin To Net: NetName=GND Pin=U3-1
Added Pin To Net: NetName=SPI1_MOSI Pin=U3-2
Added Pin To Net: NetName=SPI1_SCLK Pin=U3-3
Added Pin To Net: NetName=SPI1_MISO Pin=U3-4
Added Pin To Net: NetName=GDO2 Pin=U3-5
Added Pin To Net: NetName=GDO0 Pin=U3-6
Added Pin To Net: NetName=SPI1_CS Pin=U3-7
Added Pin To Net: NetName=NetC19_2 Pin=U3-8
Added Pin To Net: NetName=NetC20_2 Pin=U3-9
Added Pin To Net: NetName=VCC_3V Pin=U3-11
Added Pin To Net: NetName=GND Pin=U3-12
Added Pin To Net: NetName=NetP1_6 Pin=U3-13
Added Pin To Net: NetName=GND Pin=U3-14
Added Pin To Net: NetName=GND Pin=U3-15
Added Pin To Net: NetName=GND Pin=U3-16
Change Net Name : Old Net Name=NetC3_2 New Net Name=NetC20_2
Change Net Name : Old Net Name=NetC14_1 New Net Name=NRST
Change Net Name : Old Net Name=NetC19_2 New Net Name=TX_EN
Change Net Name : Old Net Name=NetC20_2 New Net Name=RX_EN
Change Net Name : Old Net Name=NetC21_2 New Net Name=PC13
Change Net Name : Old Net Name=NetC26_1 New Net Name=PB9
Change Net Name : Old Net Name=NetC27_1 New Net Name=PB8
Change Net Name : Old Net Name=NetC27_2 New Net Name=PA15
Change Net Name : Old Net Name=NetC28_1 New Net Name=PA12
Change Net Name : Old Net Name=NetC28_2 New Net Name=PA11
Change Net Name : Old Net Name=NetC29_2 New Net Name=PA8
Change Net Name : Old Net Name=NetC31_2 New Net Name=PA0
Change Net Name : Old Net Name=NetC32_2 New Net Name=NetC1_2
Change Net Name : Old Net Name=NetC33_2 New Net Name=NetC2_2
Change Net Name : Old Net Name=NetC34_2 New Net Name=NetC3_2
Change Net Name : Old Net Name=NetC35_2 New Net Name=NetC5_2
Change Net Name : Old Net Name=NetD1_A New Net Name=NetD2_A
Change Net Name : Old Net Name=NetD1_K New Net Name=NetD2_K
Change Net Name : Old Net Name=NetD2_K New Net Name=NetD3_K
Change Net Name : Old Net Name=NetD3_2 New Net Name=NetD4_2
Change Net Name : Old Net Name=NetD4_A New Net Name=NetD1_A
Change Net Name : Old Net Name=NetD4_K New Net Name=NetD1_K
Change Net Name : Old Net Name=NetP1_6 New Net Name=NetR14_1
Change Net Name : Old Net Name=NetP2_1 New Net Name=NetP5_1
Change Net Name : Old Net Name=NetR4_2 New Net Name=NetR19_2
Change Net Name : Old Net Name=NetR5_1 New Net Name=NetR6_1
Change Net Name : Old Net Name=NetR6_2 New Net Name=NetR8_2
Change Net Name : Old Net Name=NetR18_2 New Net Name=NetQ1_B
Added Pin To Net: NetName=ADC_V Pin=R12-1
Added Pin To Net: NetName=ADC_V Pin=U1-11
Added Net: Name=ADC_V
Added Pin To Net: NetName=I2C_SCL Pin=P3-8
Added Pin To Net: NetName=I2C_SCL Pin=U1-42
Added Net: Name=I2C_SCL
Added Pin To Net: NetName=I2C_SDA Pin=P3-9
Added Pin To Net: NetName=I2C_SDA Pin=U1-43
Added Net: Name=I2C_SDA
Added Pin To Net: NetName=LED Pin=R7-1
Added Pin To Net: NetName=LED Pin=U1-20
Added Net: Name=LED
Added Pin To Net: NetName=NetC10_2 Pin=C10-2
Added Pin To Net: NetName=NetC10_2 Pin=R10-1
Added Pin To Net: NetName=NetC10_2 Pin=R12-2
Added Pin To Net: NetName=NetC10_2 Pin=R13-2
Added Net: Name=NetC10_2
Added Pin To Net: NetName=NetJ1_1 Pin=J1-1
Added Pin To Net: NetName=NetJ1_1 Pin=L1-2
Added Net: Name=NetJ1_1
Added Pin To Net: NetName=NetL1_1 Pin=L1-1
Added Pin To Net: NetName=NetL1_1 Pin=R14-2
Added Pin To Net: NetName=NetL1_1 Pin=R15-2
Added Net: Name=NetL1_1
Added Pin To Net: NetName=NetP1_2 Pin=P1-2
Added Pin To Net: NetName=NetP1_2 Pin=R1-2
Added Net: Name=NetP1_2
Added Pin To Net: NetName=NetP4_1 Pin=P4-1
Added Pin To Net: NetName=NetP4_1 Pin=R5-1
Added Net: Name=NetP4_1
Added Pin To Net: NetName=NetP4_2 Pin=P4-2
Added Pin To Net: NetName=NetP4_2 Pin=Q1-C
Added Net: Name=NetP4_2
