Removed Pin From Net: NetName=VCC_3V Pin=U3-11
Change Component Comment : Designator=R10 Old Comment=100k New Comment=1M
Change Component Comment : Designator=R13 Old Comment=100k New Comment=1M
Change component parameters: Designator = "R10" ("R10"); Footprint = "RESC1005X04N"; UniqueID = "\EBTHDJOD" ("\EBTHDJOD")
Change component parameters (AddParameter): Name = "PackageDescription"; Value = "Chip Resistor, 2-Leads, Body 1.00x0.50mm, IPC Medium Density"; VariantName = "[No Variations]"
Change component parameters (AddParameter): Name = "PackageReference"; Value = "0402"; VariantName = "[No Variations]"
Change component parameters (AddParameter): Name = "Value"; Value = "1M"; VariantName = "[No Variations]"
Change component parameters: Designator = "R13" ("R13"); Footprint = "RESC1005X04N"; UniqueID = "\XSCVBVGK" ("\XSCVBVGK")
Change component parameters (AddParameter): Name = "PackageDescription"; Value = "Chip Resistor, 2-Leads, Body 1.00x0.50mm, IPC Medium Density"; VariantName = "[No Variations]"
Change component parameters (AddParameter): Name = "PackageReference"; Value = "0402"; VariantName = "[No Variations]"
Change component parameters (AddParameter): Name = "Value"; Value = "1M"; VariantName = "[No Variations]"
Added Component: Designator=C21(0402)
Add component (AddParameter): Name = "LatestRevisionDate"; Value = "29-May-2009"; VariantName = "[No Variations]"
Add component (AddParameter): Name = "LatestRevisionNote"; Value = "IPC-7351 Footprint Added."; VariantName = "[No Variations]"
Add component (AddParameter): Name = "PackageDescription"; Value = "Chip Capacitor"; VariantName = "[No Variations]"
Add component (AddParameter): Name = "PackageReference"; Value = "C0402"; VariantName = "[No Variations]"
Add component (AddParameter): Name = "Published"; Value = "8-Jun-2000"; VariantName = "[No Variations]"
Add component (AddParameter): Name = "Publisher"; Value = "Altium Limited"; VariantName = "[No Variations]"
Add component (AddParameter): Name = "Value"; Value = "100nF"; VariantName = "[No Variations]"
Added Component: Designator=Q5(SOT95P237X112-3N)
Add component (AddParameter): Name = "LatestRevisionDate"; Value = "17-Jul-2002"; VariantName = "[No Variations]"
Add component (AddParameter): Name = "LatestRevisionNote"; Value = "Re-released for DXP Platform."; VariantName = "[No Variations]"
Add component (AddParameter): Name = "PackageDescription"; Value = "SOT23, 3-Leads, Body 2.92x2.37mm, Pitch 0.95mm, IPC Medium Density"; VariantName = "[No Variations]"
Add component (AddParameter): Name = "PackageReference"; Value = "SOT23"; VariantName = "[No Variations]"
Add component (AddParameter): Name = "PackageVersion"; Value = "1995/1996"; VariantName = "[No Variations]"
Add component (AddParameter): Name = "Published"; Value = "8-Jun-2000"; VariantName = "[No Variations]"
Add component (AddParameter): Name = "Publisher"; Value = "Altium Limited"; VariantName = "[No Variations]"
Added Component: Designator=Q6(SOT-23B_N)
Add component (AddParameter): Name = "IC(mA)"; Value = "500"; VariantName = "[No Variations]"
Add component (AddParameter): Name = "Manufacturer"; Value = "扬州扬杰电子科技股份有限公司"; VariantName = "[No Variations]"
Add component (AddParameter): Name = "Package"; Value = "SOT-23"; VariantName = "[No Variations]"
Add component (AddParameter): Name = "PC(mW)"; Value = "300"; VariantName = "[No Variations]"
Add component (AddParameter): Name = "VCBO(V)"; Value = "40"; VariantName = "[No Variations]"
Add component (AddParameter): Name = "VCEO(V)"; Value = "25"; VariantName = "[No Variations]"
Add component (AddParameter): Name = "VEBO(V)"; Value = "5"; VariantName = "[No Variations]"
Added Component: Designator=R14(RESC1005X04N)
Add component (AddParameter): Name = "PackageDescription"; Value = "Chip Resistor, 2-Leads, Body 1.00x0.50mm, IPC Medium Density"; VariantName = "[No Variations]"
Add component (AddParameter): Name = "PackageReference"; Value = "0402"; VariantName = "[No Variations]"
Add component (AddParameter): Name = "Value"; Value = "100k"; VariantName = "[No Variations]"
Added Component: Designator=R22(RESC1005X04N)
Add component (AddParameter): Name = "PackageDescription"; Value = "Chip Resistor, 2-Leads, Body 1.00x0.50mm, IPC Medium Density"; VariantName = "[No Variations]"
Add component (AddParameter): Name = "PackageReference"; Value = "0402"; VariantName = "[No Variations]"
Add component (AddParameter): Name = "Value"; Value = "2k"; VariantName = "[No Variations]"
Added Component: Designator=R23(RESC1005X04N)
Add component (AddParameter): Name = "PackageDescription"; Value = "Chip Resistor, 2-Leads, Body 1.00x0.50mm, IPC Medium Density"; VariantName = "[No Variations]"
Add component (AddParameter): Name = "PackageReference"; Value = "0402"; VariantName = "[No Variations]"
Add component (AddParameter): Name = "Value"; Value = "10k"; VariantName = "[No Variations]"
Added Component: Designator=VCC_CC1101(EMB-SMT-40MILX40MIL)
Added Pin To Net: NetName=VCC_3V Pin=C21-1
Added Pin To Net: NetName=VCC_3V Pin=Q5-2
Added Pin To Net: NetName=GND Pin=Q6-E
Added Pin To Net: NetName=VCC_3V Pin=R14-2
Added Pin To Net: NetName=PA15 Pin=R22-1
Added Pin To Net: NetName=GND Pin=R23-1
Added Pin To Net: NetName=NetC21_2 Pin=C21-2
Added Pin To Net: NetName=NetC21_2 Pin=Q5-1
Added Pin To Net: NetName=NetC21_2 Pin=Q6-C
Added Pin To Net: NetName=NetC21_2 Pin=R14-1
Added Net: Name=NetC21_2
Added Pin To Net: NetName=NetQ6_B Pin=Q6-B
Added Pin To Net: NetName=NetQ6_B Pin=R22-2
Added Pin To Net: NetName=NetQ6_B Pin=R23-2
Added Net: Name=NetQ6_B
Added Pin To Net: NetName=VCC_CC1101 Pin=Q5-3
Added Pin To Net: NetName=VCC_CC1101 Pin=U3-11
Added Pin To Net: NetName=VCC_CC1101 Pin=VCC_CC1101-1
Added Net: Name=VCC_CC1101
