Removed Pin From Net: NetName=NetQ1_B Pin=Q1-B
Removed Pin From Net: NetName=NetP4_2 Pin=Q1-C
Removed Pin From Net: NetName=GND Pin=Q1-E
Removed Pin From Net: NetName=NetD4_2 Pin=Q3-1
Removed Pin From Net: NetName=VCC Pin=Q3-2
Removed Pin From Net: NetName=SOLAR+ Pin=Q3-3
Removed Member From Class: ClassName=MCU Member=Q1
Removed Member From Class: ClassName=Power Member=Q3
Change Component Footprint: Designator=Q3 Old Footprint=SOT95P237X112-3N New Footprint=SOT-23B_N
Change Component Footprint: Designator=Q1 Old Footprint=SOT-23B_N New Footprint=SOT95P237X112-3N
Change Component Comment : Designator=YA1 Old Comment=8M New Comment=12.0000000MHz
Change Component Comment : Designator=Y1 Old Comment=32.768k New Comment=32.768 kHz
Change Component Comment : Designator=Q2 Old Comment=MMS8050-L New Comment=S8050
Change Component Comment : Designator=Q4 Old Comment=MMS8050-L New Comment=S8050
Change Component Comment : Designator=Q1 Old Comment=MMS8050-L New Comment=YJL2301CQ
Change Component Comment : Designator=Q3 Old Comment=Si2301CDS New Comment=S8050
Change Component Comment : Designator=D4 Old Comment=SS24S New Comment=SS24A
Change component parameters: Designator = "Q1" ("Q1"); Footprint = "SOT-23B_N"; UniqueID = "\HXBFCOSY" ("\HXBFCOSY")
Change component parameters (AddParameter): Name = "LatestRevisionDate"; Value = "17-Jul-2002"; VariantName = "[No Variations]"
Change component parameters (AddParameter): Name = "LatestRevisionNote"; Value = "Re-released for DXP Platform."; VariantName = "[No Variations]"
Change component parameters (AddParameter): Name = "PackageDescription"; Value = "SOT23, 3-Leads, Body 2.92x2.37mm, Pitch 0.95mm, IPC Medium Density"; VariantName = "[No Variations]"
Change component parameters (AddParameter): Name = "PackageReference"; Value = "SOT23"; VariantName = "[No Variations]"
Change component parameters (AddParameter): Name = "PackageVersion"; Value = "1995/1996"; VariantName = "[No Variations]"
Change component parameters (AddParameter): Name = "Published"; Value = "8-Jun-2000"; VariantName = "[No Variations]"
Change component parameters (AddParameter): Name = "Publisher"; Value = "Altium Limited"; VariantName = "[No Variations]"
Change component parameters: Designator = "YA1" ("YA1"); Footprint = "XTAL-SMT-4P"; UniqueID = "\RKGKFQIX" ("\RKGKFQIX")
Change component parameters (AddParameter): Name = "Frequency Range"; Value = "12.0000000MHz"; VariantName = "[No Variations]"
Change component parameters (AddParameter): Name = "Frequency Tolerance"; Value = "±10ppm max"; VariantName = "[No Variations]"
Change component parameters (AddParameter): Name = "Load Capacitance(CL)"; Value = "12.0pF"; VariantName = "[No Variations]"
Change component parameters (AddParameter): Name = "Manufacturer"; Value = "SJK"; VariantName = "[No Variations]"
Change component parameters (AddParameter): Name = "Mode"; Value = "AT/Fundamental"; VariantName = "[No Variations]"
Change component parameters (AddParameter): Name = "Operating Temperature Range"; Value = "-40 °C to +85°C"; VariantName = "[No Variations]"
Change component parameters (AddParameter): Name = "Package size (L×W×H)"; Value = "3.2×2.5×0.70 mm"; VariantName = "[No Variations]"
Change component parameters (AddParameter): Name = "Shunt Capacitance"; Value = "3.0 pF Max"; VariantName = "[No Variations]"
Change component parameters: Designator = "Y1" ("Y1"); Footprint = "XTAL-2012"; UniqueID = "\QCIHHPXY" ("\QCIHHPXY")
Change component parameters (AddParameter): Name = "Frequency range"; Value = "32.768 kHz"; VariantName = "[No Variations]"
Change component parameters (AddParameter): Name = "Frequency Tolerance"; Value = "±5ppm, ±10ppm, ±20ppm (max.) at 25°C"; VariantName = "[No Variations]"
Change component parameters (AddParameter): Name = "Load Capacitance"; Value = "12pF"; VariantName = "[No Variations]"
Change component parameters (AddParameter): Name = "Manufacturer"; Value = "SJK"; VariantName = "[No Variations]"
Change component parameters (AddParameter): Name = "Operating Temperature Range"; Value = "Re-released for DXP Platform."; VariantName = "[No Variations]"
Change component parameters (AddParameter): Name = "Package size (L×W×H)"; Value = "2.0×1.2×0.60 mm"; VariantName = "[No Variations]"
Change component parameters (AddParameter): Name = "PackageReference"; Value = "-40°C~+85°C"; VariantName = "[No Variations]"
Change component parameters: Designator = "Q2" ("Q2"); Footprint = "SOT-23B_N"; UniqueID = "\PWRFTVRU" ("\PWRFTVRU")
Change component parameters (AddParameter): Name = "IC(mA)"; Value = "500"; VariantName = "[No Variations]"
Change component parameters (AddParameter): Name = "Manufacturer"; Value = "扬州扬杰电子科技股份有限公司"; VariantName = "[No Variations]"
Change component parameters (AddParameter): Name = "Package"; Value = "SOT-23"; VariantName = "[No Variations]"
Change component parameters (AddParameter): Name = "PC(mW)"; Value = "300"; VariantName = "[No Variations]"
Change component parameters (AddParameter): Name = "VCBO(V)"; Value = "40"; VariantName = "[No Variations]"
Change component parameters (AddParameter): Name = "VCEO(V)"; Value = "25"; VariantName = "[No Variations]"
Change component parameters (AddParameter): Name = "VEBO(V)"; Value = "5"; VariantName = "[No Variations]"
Change component parameters: Designator = "Q4" ("Q4"); Footprint = "SOT-23B_N"; UniqueID = "\MSURPFOO" ("\MSURPFOO")
Change component parameters (AddParameter): Name = "IC(mA)"; Value = "500"; VariantName = "[No Variations]"
Change component parameters (AddParameter): Name = "Manufacturer"; Value = "扬州扬杰电子科技股份有限公司"; VariantName = "[No Variations]"
Change component parameters (AddParameter): Name = "Package"; Value = "SOT-23"; VariantName = "[No Variations]"
Change component parameters (AddParameter): Name = "PC(mW)"; Value = "300"; VariantName = "[No Variations]"
Change component parameters (AddParameter): Name = "VCBO(V)"; Value = "40"; VariantName = "[No Variations]"
Change component parameters (AddParameter): Name = "VCEO(V)"; Value = "25"; VariantName = "[No Variations]"
Change component parameters (AddParameter): Name = "VEBO(V)"; Value = "5"; VariantName = "[No Variations]"
Change component parameters: Designator = "Q3" ("Q3"); Footprint = "SOT95P237X112-3N"; UniqueID = "\NTGPFVAT" ("\NTGPFVAT")
Change component parameters (AddParameter): Name = "IC(mA)"; Value = "500"; VariantName = "[No Variations]"
Change component parameters (AddParameter): Name = "Manufacturer"; Value = "扬州扬杰电子科技股份有限公司"; VariantName = "[No Variations]"
Change component parameters (AddParameter): Name = "Package"; Value = "SOT-23"; VariantName = "[No Variations]"
Change component parameters (AddParameter): Name = "PC(mW)"; Value = "300"; VariantName = "[No Variations]"
Change component parameters (AddParameter): Name = "VCBO(V)"; Value = "40"; VariantName = "[No Variations]"
Change component parameters (AddParameter): Name = "VCEO(V)"; Value = "25"; VariantName = "[No Variations]"
Change component parameters (AddParameter): Name = "VEBO(V)"; Value = "5"; VariantName = "[No Variations]"
Change component parameters: Designator = "D4" ("D4"); Footprint = "ONSC-SMA-2-403D-02_V"; UniqueID = "\GTOPGUNU" ("\GTOPGUNU")
Change component parameters (AddParameter): Name = "ComponentLink1Description"; Value = "Manufacturer URL"; VariantName = "[No Variations]"
Change component parameters (AddParameter): Name = "ComponentLink1URL"; Value = "https://www.vishay.com"; VariantName = "[No Variations]"
Change component parameters (AddParameter): Name = "ComponentLink2Description"; Value = "Datasheet"; VariantName = "[No Variations]"
Change component parameters (AddParameter): Name = "ComponentLink2URL"; Value = "https://www.vishay.com/product?docid=89008"; VariantName = "[No Variations]"
Change component parameters (AddParameter): Name = "ComponentLink3Description"; Value = "Package Specification"; VariantName = "[No Variations]"
Change component parameters (AddParameter): Name = "ComponentLink3URL"; Value = "http://www.vishay.com/docs/88869/packaging.pdf"; VariantName = "[No Variations]"
Change component parameters (AddParameter): Name = "Configuration"; Value = "Single"; VariantName = "[No Variations]"
Change component parameters (AddParameter): Name = "IFSM Max (A)"; Value = "50"; VariantName = "[No Variations]"
Change component parameters (AddParameter): Name = "Manufacturer"; Value = "扬州扬杰电子科技股份有限公司"; VariantName = "[No Variations]"
Change component parameters (AddParameter): Name = "Mounting Technology"; Value = "Surface Mount"; VariantName = "[No Variations]"
Change component parameters (AddParameter): Name = "PackageDescription"; Value = "2-Pin Small Molded Package, J-Bend Lead, Body 2.605 x 4.315 mm"; VariantName = "[No Variations]"
Change component parameters (AddParameter): Name = "PackageReference"; Value = "DO-214AC (SMA)"; VariantName = "[No Variations]"
Change component parameters (AddParameter): Name = "Packing"; Value = "Tape and Reel"; VariantName = "[No Variations]"
Change component parameters (AddParameter): Name = "PartNumber"; Value = "SS24A"; VariantName = "[No Variations]"
Change component parameters (AddParameter): Name = "RoHS"; Value = "TRUE"; VariantName = "[No Variations]"
Change component parameters (AddParameter): Name = "VRRM(V)"; Value = "40"; VariantName = "[No Variations]"
Added Pin To Net: NetName=NetD4_2 Pin=Q1-1
Added Pin To Net: NetName=VCC Pin=Q1-2
Added Pin To Net: NetName=SOLAR+ Pin=Q1-3
Added Pin To Net: NetName=NetQ1_B Pin=Q3-B
Added Pin To Net: NetName=NetP4_2 Pin=Q3-C
Added Pin To Net: NetName=GND Pin=Q3-E
Change Net Name : Old Net Name=NetQ1_B New Net Name=NetQ3_B
Added Member To Class: ClassName=Power Member=Component Q1 YJL2301CQ
Added Member To Class: ClassName=MCU Member=Component Q3 S8050
