Removed Pin From Net: NetName=BAT+ Pin=C3-2
Removed Pin From Net: NetName=BAT+ Pin=U3-1
Removed Pin From Net: NetName=BAT+ Pin=U3-3
Change Component Footprint: Designator=P1 Old Footprint=HDR2X3 New Footprint=HDR2X4
Change Component Comment : Designator=P1 Old Comment=Header 3X2 New Comment=Header 4X2
Added Component: Designator=J2(1608[0603] - jumper)
Add component. Clean all parameters for all variants
Add component (AddParameter): Name = "PackageDescription"; Value = "Chip Resistor, 2-Leads, Body 1.60x0.80mm, IPC Medium Density"; VariantName = "[No Variations]"
Add component (AddParameter): Name = "PackageReference"; Value = "0603"; VariantName = "[No Variations]"
Add component (AddParameter): Name = "Value"; Value = "NC"; VariantName = "[No Variations]"
Added Component: Designator=J3(1608[0603] - jumper)
Add component. Clean all parameters for all variants
Add component (AddParameter): Name = "PackageDescription"; Value = "Chip Resistor, 2-Leads, Body 1.60x0.80mm, IPC Medium Density"; VariantName = "[No Variations]"
Add component (AddParameter): Name = "PackageReference"; Value = "0603"; VariantName = "[No Variations]"
Add component (AddParameter): Name = "Value"; Value = "0¦¸"; VariantName = "[No Variations]"
Added Pin To Net: NetName=BAT+ Pin=J3-1
Added Pin To Net: NetName=NetC3_2 Pin=C3-2
Added Pin To Net: NetName=NetC3_2 Pin=J2-2
Added Pin To Net: NetName=NetC3_2 Pin=J3-2
Added Pin To Net: NetName=NetC3_2 Pin=U3-1
Added Pin To Net: NetName=NetC3_2 Pin=U3-3
Added Net: Name=NetC3_2
Added Pin To Net: NetName=VCC_5V Pin=J2-1
Added Pin To Net: NetName=VCC_5V Pin=P1-7
Added Pin To Net: NetName=VCC_5V Pin=P1-8
Added Net: Name=VCC_5V
Added Member To Class: ClassName=Power Member=Component J2 NC
Added Member To Class: ClassName=Power Member=Component J3 0¦¸
