Removed Pin From Net: NetName=NetL1_1 Pin=L1-1
Removed Pin From Net: NetName=NetR14_1 Pin=R14-1
Removed Pin From Net: NetName=NetL1_1 Pin=R14-2
Removed Pin From Net: NetName=NetL1_1 Pin=R15-2
Removed Pin From Net: NetName=NetR14_1 Pin=U3-13
Removed Member From Class: ClassName=MEMS&RF Member=R14
Change Component Designator: OldDesignator=L1 NewDesignator=L2
Added Component: Designator=L1(0402)
Add component (AddParameter): Name = "LatestRevisionDate"; Value = "29-May-2009"; VariantName = "[No Variations]"
Add component (AddParameter): Name = "LatestRevisionNote"; Value = "IPC-7351 Footprint Added."; VariantName = "[No Variations]"
Add component (AddParameter): Name = "PackageDescription"; Value = "Inductor"; VariantName = "[No Variations]"
Add component (AddParameter): Name = "PackageReference"; Value = "0402"; VariantName = "[No Variations]"
Add component (AddParameter): Name = "Published"; Value = "8-Jun-2000"; VariantName = "[No Variations]"
Add component (AddParameter): Name = "Publisher"; Value = "Altium Limited"; VariantName = "[No Variations]"
Add component (AddParameter): Name = "Value"; Value = "18nH"; VariantName = "[No Variations]"
Added Pin To Net: NetName=NetL1_1 Pin=L1-1
Added Pin To Net: NetName=NetR14_1 Pin=L1-2
Added Pin To Net: NetName=NetR14_1 Pin=L2-1
Added Pin To Net: NetName=NetR14_1 Pin=R15-2
Added Pin To Net: NetName=NetL1_1 Pin=U3-13
Change Net Name : Old Net Name=NetR14_1 New Net Name=NetL1_2
