Change Component Designator: OldDesignator=TP1 NewDesignator=VIN
Change Component Designator: OldDesignator=TP2 NewDesignator=SOLAR+
Change Component Designator: OldDesignator=TP3 NewDesignator=BAT+
Change Component Designator: OldDesignator=TP4 NewDesignator=U5_VIN
Change Component Designator: OldDesignator=TP5 NewDesignator=VCC_3V
Change Component Designator: OldDesignator=TP6 NewDesignator=ADC_V
Change Component Designator: OldDesignator=TP7 NewDesignator=SPI1_CS
Change Component Designator: OldDesignator=TP8 NewDesignator=GDO0
Change Component Designator: OldDesignator=TP9 NewDesignator=GDO2
Change Component Designator: OldDesignator=TP10 NewDesignator=SPI1_SCLK
Change Component Designator: OldDesignator=TP11 NewDesignator=SPI1_MISO
Change Component Designator: OldDesignator=TP12 NewDesignator=SPI1_MOSI
Change Component Designator: OldDesignator=TP13 NewDesignator=TX_EN
Change Component Designator: OldDesignator=TP14 NewDesignator=RX_EN
Change Component Designator: OldDesignator=TP15 NewDesignator=INT1
Change Component Designator: OldDesignator=TP16 NewDesignator=INT2
Change Component Designator: OldDesignator=TP17 NewDesignator=SPI2_CS
Change Component Designator: OldDesignator=TP18 NewDesignator=SPI2_SCLK
Change Component Designator: OldDesignator=TP19 NewDesignator=SPI2_MISO
Change Component Designator: OldDesignator=TP20 NewDesignator=SPI2_MOSI
