Removed Pin From Net: NetName=BAT+ Pin=BAT+-1
Removed Pin From Net: NetName=GND Pin=BAT--1
Removed Pin From Net: NetName=SOLAR+ Pin=SOLAR+-1
Removed Pin From Net: NetName=GND Pin=SOLAR--1
Removed Member From Class: ClassName=Power Member=BAT+
Removed Member From Class: ClassName=Power Member=BAT-
Removed Member From Class: ClassName=Power Member=SOLAR+
Removed Member From Class: ClassName=Power Member=SOLAR-
Change Component Footprint: Designator=Q2 Old Footprint= New Footprint=SOT-23B_N
Change Component Footprint: Designator=P2 Old Footprint=HDR1X4 New Footprint=HDR1x4-2MM
Change Component Comment : Designator=P1 Old Comment=Header 4X2 New Comment=879140806
Change Component Comment : Designator=J2 Old Comment=NC New Comment=0¦¸
Change component parameters: Designator = "P1"; Footprint = "HDR2X4"; UniqueID = "\RDWKPMTP"
Change component parameters. Clean all parameters for all variants
Change component parameters (AddParameter): Name = "LatestRevisionDate"; Value = "17-Jul-2002"; VariantName = "[No Variations]"
Change component parameters (AddParameter): Name = "LatestRevisionNote"; Value = "Re-released for DXP Platform."; VariantName = "[No Variations]"
Change component parameters (AddParameter): Name = "Manufacturer"; Value = "molex"; VariantName = "[No Variations]"
Change component parameters (AddParameter): Name = "Publisher"; Value = "Altium Limited"; VariantName = "[No Variations]"
Change component parameters: Designator = "J2"; Footprint = "1608[0603] - jumper"; UniqueID = "\QQYWJCJO"
Change component parameters. Clean all parameters for all variants
Change component parameters (AddParameter): Name = "PackageDescription"; Value = "Chip Resistor, 2-Leads, Body 1.60x0.80mm, IPC Medium Density"; VariantName = "[No Variations]"
Change component parameters (AddParameter): Name = "PackageReference"; Value = "0603"; VariantName = "[No Variations]"
Change component parameters (AddParameter): Name = "Value"; Value = "0¦¸"; VariantName = "[No Variations]"
Added Component: Designator=P3(A1251WV-XP-2P)
Add component. Clean all parameters for all variants
Add component (AddParameter): Name = "LatestRevisionDate"; Value = "17-Jul-2002"; VariantName = "[No Variations]"
Add component (AddParameter): Name = "LatestRevisionNote"; Value = "Re-released for DXP Platform."; VariantName = "[No Variations]"
Add component (AddParameter): Name = "Publisher"; Value = "Altium Limited"; VariantName = "[No Variations]"
Added Component: Designator=P4(A1251WV-XP-2P)
Add component. Clean all parameters for all variants
Add component (AddParameter): Name = "LatestRevisionDate"; Value = "17-Jul-2002"; VariantName = "[No Variations]"
Add component (AddParameter): Name = "LatestRevisionNote"; Value = "Re-released for DXP Platform."; VariantName = "[No Variations]"
Add component (AddParameter): Name = "Publisher"; Value = "Altium Limited"; VariantName = "[No Variations]"
Added Pin To Net: NetName=SOLAR+ Pin=P3-1
Added Pin To Net: NetName=GND Pin=P3-2
Added Pin To Net: NetName=BAT+ Pin=P4-1
Added Pin To Net: NetName=GND Pin=P4-2
Added Member To Class: ClassName=Power Member=Component P3 A1251WV-XP-2P
Added Member To Class: ClassName=Power Member=Component P4 A1251WV-XP-2P
